This is pdfTeX, Version 3.14159265-2.6-1.40.17 (TeX Live 2016/Debian) (preloaded format=pdflatex 2017.11.11)  4 MAY 2018 10:06
entering extended mode
 restricted \write18 enabled.
 %&-line parsing enabled.
**klassendiagram_Wagemakers_Jan_v20180504
(./klassendiagram_Wagemakers_Jan_v20180504.tex
LaTeX2e <2017/01/01> patch level 3
Babel <3.9r> and hyphenation patterns for 30 language(s) loaded.
(/usr/share/texlive/texmf-dist/tex/latex/base/article.cls
Document Class: article 2014/09/29 v1.4h Standard LaTeX document class
(/usr/share/texlive/texmf-dist/tex/latex/base/size10.clo
File: size10.clo 2014/09/29 v1.4h Standard LaTeX file (size option)
)
\c@part=\count79
\c@section=\count80
\c@subsection=\count81
\c@subsubsection=\count82
\c@paragraph=\count83
\c@subparagraph=\count84
\c@figure=\count85
\c@table=\count86
\abovecaptionskip=\skip41
\belowcaptionskip=\skip42
\bibindent=\dimen102
)
(/usr/share/texlive/texmf-dist/tex/latex/fancyhdr/fancyhdr.sty
Package: fancyhdr 2016/09/06 3.8 Extensive control of page headers and footers
\fancy@headwidth=\skip43
\f@ncyO@elh=\skip44
\f@ncyO@erh=\skip45
\f@ncyO@olh=\skip46
\f@ncyO@orh=\skip47
\f@ncyO@elf=\skip48
\f@ncyO@erf=\skip49
\f@ncyO@olf=\skip50
\f@ncyO@orf=\skip51
)
(/usr/share/texlive/texmf-dist/tex/latex/lastpage/lastpage.sty
Package: lastpage 2015/03/29 v1.2m Refers to last page's name (HMM; JPG)
)
(/usr/share/texlive/texmf-dist/tex/latex/fancyhdr/extramarks.sty
Package: extramarks 2016/08/27 2.1 Extra marks
\@temptokenb=\toks14
)
(/usr/share/texlive/texmf-dist/tex/latex/graphics/graphicx.sty
Package: graphicx 2014/10/28 v1.0g Enhanced LaTeX Graphics (DPC,SPQR)

(/usr/share/texlive/texmf-dist/tex/latex/graphics/keyval.sty
Package: keyval 2014/10/28 v1.15 key=value parser (DPC)
\KV@toks@=\toks15
)
(/usr/share/texlive/texmf-dist/tex/latex/graphics/graphics.sty
Package: graphics 2016/10/09 v1.0u Standard LaTeX Graphics (DPC,SPQR)

(/usr/share/texlive/texmf-dist/tex/latex/graphics/trig.sty
Package: trig 2016/01/03 v1.10 sin cos tan (DPC)
)
(/usr/share/texlive/texmf-dist/tex/latex/graphics-cfg/graphics.cfg
File: graphics.cfg 2016/06/04 v1.11 sample graphics configuration
)
Package graphics Info: Driver file: pdftex.def on input line 99.

(/usr/share/texlive/texmf-dist/tex/latex/graphics-def/pdftex.def
File: pdftex.def 2017/01/12 v0.06k Graphics/color for pdfTeX

(/usr/share/texlive/texmf-dist/tex/generic/oberdiek/infwarerr.sty
Package: infwarerr 2016/05/16 v1.4 Providing info/warning/error messages (HO)
)
(/usr/share/texlive/texmf-dist/tex/generic/oberdiek/ltxcmds.sty
Package: ltxcmds 2016/05/16 v1.23 LaTeX kernel commands for general use (HO)
)
\Gread@gobject=\count87
))
\Gin@req@height=\dimen103
\Gin@req@width=\dimen104
)
(/usr/share/texlive/texmf-dist/tex/latex/lipsum/lipsum.sty
Package: lipsum 2014/07/27 v1.3 150 paragraphs of Lorem Ipsum dummy text
\c@lips@count=\count88
)
(/usr/share/texlive/texmf-dist/tex/latex/outlines/outlines.sty
Package: outlines 2012/1/23 1.1 Ch. Pecheur

(/usr/share/texlive/texmf-dist/tex/latex/base/ifthen.sty
Package: ifthen 2014/09/29 v1.1c Standard LaTeX ifthen package (DPC)
))
(/usr/share/texlive/texmf-dist/tex/latex/wrapfig/wrapfig.sty
\wrapoverhang=\dimen105
\WF@size=\dimen106
\c@WF@wrappedlines=\count89
\WF@box=\box26
\WF@everypar=\toks16
Package: wrapfig 2003/01/31  v 3.6
)
(/usr/share/texlive/texmf-dist/tex/generic/babel/babel.sty
Package: babel 2016/04/23 3.9r The Babel package

(/usr/share/texlive/texmf-dist/tex/generic/babel-dutch/dutch.ldf
Language: dutch 2005/03/30 v3.8i Dutch support from the babel system

(/usr/share/texlive/texmf-dist/tex/generic/babel/babel.def
File: babel.def 2016/04/23 3.9r Babel common definitions
\babel@savecnt=\count90
\U@D=\dimen107
)
Package babel Info: Making " an active character on input line 132.
))
(/usr/share/texlive/texmf-dist/tex/latex/xcolor/xcolor.sty
Package: xcolor 2016/05/11 v2.12 LaTeX color extensions (UK)

(/usr/share/texlive/texmf-dist/tex/latex/graphics-cfg/color.cfg
File: color.cfg 2016/01/02 v1.6 sample color configuration
)
Package xcolor Info: Driver file: pdftex.def on input line 225.
Package xcolor Info: Model `cmy' substituted by `cmy0' on input line 1348.
Package xcolor Info: Model `hsb' substituted by `rgb' on input line 1352.
Package xcolor Info: Model `RGB' extended on input line 1364.
Package xcolor Info: Model `HTML' substituted by `rgb' on input line 1366.
Package xcolor Info: Model `Hsb' substituted by `hsb' on input line 1367.
Package xcolor Info: Model `tHsb' substituted by `hsb' on input line 1368.
Package xcolor Info: Model `HSB' substituted by `hsb' on input line 1369.
Package xcolor Info: Model `Gray' substituted by `gray' on input line 1370.
Package xcolor Info: Model `wave' substituted by `hsb' on input line 1371.
)
(/usr/share/texlive/texmf-dist/tex/latex/listings/listings.sty
\lst@mode=\count91
\lst@gtempboxa=\box27
\lst@token=\toks17
\lst@length=\count92
\lst@currlwidth=\dimen108
\lst@column=\count93
\lst@pos=\count94
\lst@lostspace=\dimen109
\lst@width=\dimen110
\lst@newlines=\count95
\lst@lineno=\count96
\lst@maxwidth=\dimen111

(/usr/share/texlive/texmf-dist/tex/latex/listings/lstmisc.sty
File: lstmisc.sty 2015/06/04 1.6 (Carsten Heinz)
\c@lstnumber=\count97
\lst@skipnumbers=\count98
\lst@framebox=\box28
)
(/usr/share/texlive/texmf-dist/tex/latex/listings/listings.cfg
File: listings.cfg 2015/06/04 1.6 listings configuration
))
Package: listings 2015/06/04 1.6 (Carsten Heinz)
\c@homeworkProblemCounter=\count99

(./klassendiagram_Wagemakers_Jan_v20180504.aux)
\openout1 = `klassendiagram_Wagemakers_Jan_v20180504.aux'.

LaTeX Font Info:    Checking defaults for OML/cmm/m/it on input line 143.
LaTeX Font Info:    ... okay on input line 143.
LaTeX Font Info:    Checking defaults for T1/cmr/m/n on input line 143.
LaTeX Font Info:    ... okay on input line 143.
LaTeX Font Info:    Checking defaults for OT1/cmr/m/n on input line 143.
LaTeX Font Info:    ... okay on input line 143.
LaTeX Font Info:    Checking defaults for OMS/cmsy/m/n on input line 143.
LaTeX Font Info:    ... okay on input line 143.
LaTeX Font Info:    Checking defaults for OMX/cmex/m/n on input line 143.
LaTeX Font Info:    ... okay on input line 143.
LaTeX Font Info:    Checking defaults for U/cmr/m/n on input line 143.
LaTeX Font Info:    ... okay on input line 143.
Package lastpage Info: Please have a look at the pageslts package at
(lastpage)             https://www.ctan.org/pkg/pageslts
(lastpage)             ! on input line 143.

(/usr/share/texlive/texmf-dist/tex/context/base/mkii/supp-pdf.mkii
[Loading MPS to PDF converter (version 2006.09.02).]
\scratchcounter=\count100
\scratchdimen=\dimen112
\scratchbox=\box29
\nofMPsegments=\count101
\nofMParguments=\count102
\everyMPshowfont=\toks18
\MPscratchCnt=\count103
\MPscratchDim=\dimen113
\MPnumerator=\count104
\makeMPintoPDFobject=\count105
\everyMPtoPDFconversion=\toks19
) (/usr/share/texlive/texmf-dist/tex/generic/oberdiek/pdftexcmds.sty
Package: pdftexcmds 2016/05/21 v0.22 Utility functions of pdfTeX for LuaTeX (HO
)

(/usr/share/texlive/texmf-dist/tex/generic/oberdiek/ifluatex.sty
Package: ifluatex 2016/05/16 v1.4 Provides the ifluatex switch (HO)
Package ifluatex Info: LuaTeX not detected.
)
(/usr/share/texlive/texmf-dist/tex/generic/oberdiek/ifpdf.sty
Package: ifpdf 2016/05/14 v3.1 Provides the ifpdf switch
)
Package pdftexcmds Info: LuaTeX not detected.
Package pdftexcmds Info: \pdf@primitive is available.
Package pdftexcmds Info: \pdf@ifprimitive is available.
Package pdftexcmds Info: \pdfdraftmode found.
)
(/usr/share/texlive/texmf-dist/tex/latex/oberdiek/epstopdf-base.sty
Package: epstopdf-base 2016/05/15 v2.6 Base part for package epstopdf

(/usr/share/texlive/texmf-dist/tex/latex/oberdiek/grfext.sty
Package: grfext 2016/05/16 v1.2 Manage graphics extensions (HO)

(/usr/share/texlive/texmf-dist/tex/generic/oberdiek/kvdefinekeys.sty
Package: kvdefinekeys 2016/05/16 v1.4 Define keys (HO)
))
(/usr/share/texlive/texmf-dist/tex/latex/oberdiek/kvoptions.sty
Package: kvoptions 2016/05/16 v3.12 Key value format for package options (HO)

(/usr/share/texlive/texmf-dist/tex/generic/oberdiek/kvsetkeys.sty
Package: kvsetkeys 2016/05/16 v1.17 Key value parser (HO)

(/usr/share/texlive/texmf-dist/tex/generic/oberdiek/etexcmds.sty
Package: etexcmds 2016/05/16 v1.6 Avoid name clashes with e-TeX commands (HO)
Package etexcmds Info: Could not find \expanded.
(etexcmds)             That can mean that you are not using pdfTeX 1.50 or
(etexcmds)             that some package has redefined \expanded.
(etexcmds)             In the latter case, load this package earlier.
)))
Package epstopdf-base Info: Redefining graphics rule for `.eps' on input line 4
38.
Package grfext Info: Graphics extension search list:
(grfext)             [.png,.pdf,.jpg,.mps,.jpeg,.jbig2,.jb2,.PNG,.PDF,.JPG,.JPE
G,.JBIG2,.JB2,.eps]
(grfext)             \AppendGraphicsExtensions on input line 456.

(/usr/share/texlive/texmf-dist/tex/latex/latexconfig/epstopdf-sys.cfg
File: epstopdf-sys.cfg 2010/07/13 v1.3 Configuration of (r)epstopdf for TeX Liv
e
))
\c@lstlisting=\count106
LaTeX Font Info:    External font `cmex10' loaded for size
(Font)              <12> on input line 145.
LaTeX Font Info:    External font `cmex10' loaded for size
(Font)              <8> on input line 145.
LaTeX Font Info:    External font `cmex10' loaded for size
(Font)              <6> on input line 145.

[1

{/var/lib/texmf/fonts/map/pdftex/updmap/pdftex.map}]
</home/jan/MEGA/2017-2018/ProjectWerk/source/repos/Laagspanningsnet/Laagspannin
gsnet.png, id=9, 2121.9275pt x 2507.3675pt>
File: /home/jan/MEGA/2017-2018/ProjectWerk/source/repos/Laagspanningsnet/Laagsp
anningsnet.png Graphic file (type png)

<use /home/jan/MEGA/2017-2018/ProjectWerk/source/repos/Laagspanningsnet/Laagspa
nningsnet.png>
Package pdftex.def Info: /home/jan/MEGA/2017-2018/ProjectWerk/source/repos/Laag
spanningsnet/Laagspanningsnet.png used on input line 166.
(pdftex.def)             Requested size: 516.00952pt x 609.73843pt.

</home/jan/MEGA/2017-2018/ProjectWerk/source/repos/Laagspanningsnet/Laagspannin
gsnetP1.png, id=11, 716.6775pt x 696.6025pt>
File: /home/jan/MEGA/2017-2018/ProjectWerk/source/repos/Laagspanningsnet/Laagsp
anningsnetP1.png Graphic file (type png)

<use /home/jan/MEGA/2017-2018/ProjectWerk/source/repos/Laagspanningsnet/Laagspa
nningsnetP1.png>
Package pdftex.def Info: /home/jan/MEGA/2017-2018/ProjectWerk/source/repos/Laag
spanningsnet/LaagspanningsnetP1.png used on input line 167.
(pdftex.def)             Requested size: 516.00952pt x 501.58531pt.

</home/jan/MEGA/2017-2018/ProjectWerk/source/repos/Laagspanningsnet/Laagspannin
gsnetP2.png, id=12, 726.715pt x 695.59875pt>
File: /home/jan/MEGA/2017-2018/ProjectWerk/source/repos/Laagspanningsnet/Laagsp
anningsnetP2.png Graphic file (type png)

<use /home/jan/MEGA/2017-2018/ProjectWerk/source/repos/Laagspanningsnet/Laagspa
nningsnetP2.png>
Package pdftex.def Info: /home/jan/MEGA/2017-2018/ProjectWerk/source/repos/Laag
spanningsnet/LaagspanningsnetP2.png used on input line 168.
(pdftex.def)             Requested size: 516.00952pt x 493.93164pt.

</home/jan/MEGA/2017-2018/ProjectWerk/source/repos/Laagspanningsnet/Laagspannin
gsnetP3.png, id=13, 676.5275pt x 693.59125pt>
File: /home/jan/MEGA/2017-2018/ProjectWerk/source/repos/Laagspanningsnet/Laagsp
anningsnetP3.png Graphic file (type png)

<use /home/jan/MEGA/2017-2018/ProjectWerk/source/repos/Laagspanningsnet/Laagspa
nningsnetP3.png>
Package pdftex.def Info: /home/jan/MEGA/2017-2018/ProjectWerk/source/repos/Laag
spanningsnet/LaagspanningsnetP3.png used on input line 169.
(pdftex.def)             Requested size: 516.00952pt x 529.03983pt.

</home/jan/MEGA/2017-2018/ProjectWerk/source/repos/Laagspanningsnet/Laagspannin
gsnetP4.png, id=14, 699.61375pt x 830.10126pt>
File: /home/jan/MEGA/2017-2018/ProjectWerk/source/repos/Laagspanningsnet/Laagsp
anningsnetP4.png Graphic file (type png)

<use /home/jan/MEGA/2017-2018/ProjectWerk/source/repos/Laagspanningsnet/Laagspa
nningsnetP4.png>
Package pdftex.def Info: /home/jan/MEGA/2017-2018/ProjectWerk/source/repos/Laag
spanningsnet/LaagspanningsnetP4.png used on input line 170.
(pdftex.def)             Requested size: 516.00952pt x 612.28938pt.

</home/jan/MEGA/2017-2018/ProjectWerk/source/repos/Laagspanningsnet/Laagspannin
gsnetP5.png, id=15, 734.745pt x 829.0975pt>
File: /home/jan/MEGA/2017-2018/ProjectWerk/source/repos/Laagspanningsnet/Laagsp
anningsnetP5.png Graphic file (type png)

<use /home/jan/MEGA/2017-2018/ProjectWerk/source/repos/Laagspanningsnet/Laagspa
nningsnetP5.png>
Package pdftex.def Info: /home/jan/MEGA/2017-2018/ProjectWerk/source/repos/Laag
spanningsnet/LaagspanningsnetP5.png used on input line 171.
(pdftex.def)             Requested size: 516.00952pt x 582.31256pt.

</home/jan/MEGA/2017-2018/ProjectWerk/source/repos/Laagspanningsnet/Laagspannin
gsnetP6.png, id=16, 665.48625pt x 828.09375pt>
File: /home/jan/MEGA/2017-2018/ProjectWerk/source/repos/Laagspanningsnet/Laagsp
anningsnetP6.png Graphic file (type png)

<use /home/jan/MEGA/2017-2018/ProjectWerk/source/repos/Laagspanningsnet/Laagspa
nningsnetP6.png>
Package pdftex.def Info: /home/jan/MEGA/2017-2018/ProjectWerk/source/repos/Laag
spanningsnet/LaagspanningsnetP6.png used on input line 172.
(pdftex.def)             Requested size: 516.00952pt x 642.13246pt.

</home/jan/MEGA/2017-2018/ProjectWerk/source/repos/Laagspanningsnet/Laagspannin
gsnetP7.png, id=17, 659.46375pt x 603.25375pt>
File: /home/jan/MEGA/2017-2018/ProjectWerk/source/repos/Laagspanningsnet/Laagsp
anningsnetP7.png Graphic file (type png)

<use /home/jan/MEGA/2017-2018/ProjectWerk/source/repos/Laagspanningsnet/Laagspa
nningsnetP7.png>
Package pdftex.def Info: /home/jan/MEGA/2017-2018/ProjectWerk/source/repos/Laag
spanningsnet/LaagspanningsnetP7.png used on input line 173.
(pdftex.def)             Requested size: 516.00952pt x 472.03642pt.

</home/jan/MEGA/2017-2018/ProjectWerk/source/repos/Laagspanningsnet/Laagspannin
gsnetP8.png, id=18, 736.7525pt x 626.34pt>
File: /home/jan/MEGA/2017-2018/ProjectWerk/source/repos/Laagspanningsnet/Laagsp
anningsnetP8.png Graphic file (type png)

<use /home/jan/MEGA/2017-2018/ProjectWerk/source/repos/Laagspanningsnet/Laagspa
nningsnetP8.png>
Package pdftex.def Info: /home/jan/MEGA/2017-2018/ProjectWerk/source/repos/Laag
spanningsnet/LaagspanningsnetP8.png used on input line 174.
(pdftex.def)             Requested size: 516.00952pt x 438.67393pt.

</home/jan/MEGA/2017-2018/ProjectWerk/source/repos/Laagspanningsnet/Laagspannin
gsnetP9.png, id=19, 667.49374pt x 624.3325pt>
File: /home/jan/MEGA/2017-2018/ProjectWerk/source/repos/Laagspanningsnet/Laagsp
anningsnetP9.png Graphic file (type png)

<use /home/jan/MEGA/2017-2018/ProjectWerk/source/repos/Laagspanningsnet/Laagspa
nningsnetP9.png>
Package pdftex.def Info: /home/jan/MEGA/2017-2018/ProjectWerk/source/repos/Laag
spanningsnet/LaagspanningsnetP9.png used on input line 175.
(pdftex.def)             Requested size: 516.00952pt x 482.68092pt.

</home/jan/MEGA/2017-2018/ProjectWerk/source/repos/Laagspanningsnet/Laagspannin
gsnetP10.png, id=20, 658.46pt x 353.32pt>
File: /home/jan/MEGA/2017-2018/ProjectWerk/source/repos/Laagspanningsnet/Laagsp
anningsnetP10.png Graphic file (type png)

<use /home/jan/MEGA/2017-2018/ProjectWerk/source/repos/Laagspanningsnet/Laagspa
nningsnetP10.png>
Package pdftex.def Info: /home/jan/MEGA/2017-2018/ProjectWerk/source/repos/Laag
spanningsnet/LaagspanningsnetP10.png used on input line 176.
(pdftex.def)             Requested size: 516.00952pt x 276.88777pt.

Overfull \hbox (24.5733pt too wide) in paragraph at lines 166--177
[]
 []


Overfull \hbox (24.5733pt too wide) in paragraph at lines 166--177
[]
 []


Overfull \hbox (24.5733pt too wide) in paragraph at lines 166--177
[]
 []


Overfull \hbox (24.5733pt too wide) in paragraph at lines 166--177
[]
 []


Overfull \hbox (24.5733pt too wide) in paragraph at lines 166--177
[]
 []


Overfull \hbox (24.5733pt too wide) in paragraph at lines 166--177
[]
 []


Overfull \hbox (24.5733pt too wide) in paragraph at lines 166--177
[]
 []


Overfull \hbox (24.5733pt too wide) in paragraph at lines 166--177
[]
 []


Overfull \hbox (24.5733pt too wide) in paragraph at lines 166--177
[]
 []


Overfull \hbox (24.5733pt too wide) in paragraph at lines 166--177
[]
 []


Overfull \hbox (24.5733pt too wide) in paragraph at lines 166--177
[] 
 []

LaTeX Font Info:    External font `cmex10' loaded for size
(Font)              <7> on input line 177.
LaTeX Font Info:    External font `cmex10' loaded for size
(Font)              <5> on input line 177.
(./filename.txt) [2 </home/jan/MEGA/2017-2018/ProjectWerk/source/repos/Laagspan
ningsnet/Laagspanningsnet.png>] (./filename.txt) [3 </home/jan/MEGA/2017-2018/P
rojectWerk/source/repos/Laagspanningsnet/LaagspanningsnetP1.png>]
(./filename.txt) [4 </home/jan/MEGA/2017-2018/ProjectWerk/source/repos/Laagspan
ningsnet/LaagspanningsnetP2.png>] (./filename.txt) [5 </home/jan/MEGA/2017-2018
/ProjectWerk/source/repos/Laagspanningsnet/LaagspanningsnetP3.png>]
(./filename.txt) [6 </home/jan/MEGA/2017-2018/ProjectWerk/source/repos/Laagspan
ningsnet/LaagspanningsnetP4.png>] (./filename.txt) [7 </home/jan/MEGA/2017-2018
/ProjectWerk/source/repos/Laagspanningsnet/LaagspanningsnetP5.png>]
(./filename.txt) [8 </home/jan/MEGA/2017-2018/ProjectWerk/source/repos/Laagspan
ningsnet/LaagspanningsnetP6.png>] (./filename.txt) [9 </home/jan/MEGA/2017-2018
/ProjectWerk/source/repos/Laagspanningsnet/LaagspanningsnetP7.png>]
(./filename.txt) [10 </home/jan/MEGA/2017-2018/ProjectWerk/source/repos/Laagspa
nningsnet/LaagspanningsnetP8.png>] 
AED: lastpage setting LastPage
(./filename.txt) [11 </home/jan/MEGA/2017-2018/ProjectWerk/source/repos/Laagspa
nningsnet/LaagspanningsnetP9.png>] (./filename.txt) [12 </home/jan/MEGA/2017-20
18/ProjectWerk/source/repos/Laagspanningsnet/LaagspanningsnetP10.png>]
(./klassendiagram_Wagemakers_Jan_v20180504.aux) ) 
Here is how much of TeX's memory you used:
 4216 strings out of 494358
 61553 string characters out of 6164526
 225953 words of memory out of 5000000
 7465 multiletter control sequences out of 15000+600000
 8193 words of font info for 29 fonts, out of 8000000 for 9000
 350 hyphenation exceptions out of 8191
 39i,13n,43p,330b,289s stack positions out of 5000i,500n,10000p,200000b,80000s
</usr/share/texlive/texmf-dist
/fonts/type1/public/amsfonts/cm/cmbx12.pfb></usr/share/texlive/texmf-dist/fonts
/type1/public/amsfonts/cm/cmr10.pfb></usr/share/texlive/texmf-dist/fonts/type1/
public/amsfonts/cm/cmr12.pfb></usr/share/texlive/texmf-dist/fonts/type1/public/
amsfonts/cm/cmr7.pfb></usr/share/texlive/texmf-dist/fonts/type1/public/amsfonts
/cm/cmr9.pfb>
Output written on klassendiagram_Wagemakers_Jan_v20180504.pdf (12 pages, 657730
 bytes).
PDF statistics:
 86 PDF objects out of 1000 (max. 8388607)
 44 compressed objects within 1 object stream
 0 named destinations out of 1000 (max. 500000)
 56 words of extra memory for PDF output out of 10000 (max. 10000000)

